<?xml version="1.0" encoding="UTF-8"?>
<!-- Generated by org.testng.reporters.JUnitXMLReporter -->
<testsuite ignored="6" hostname="Desktop-Osama" failures="3" tests="4" name="Cart Tests" time="7.1" errors="0" timestamp="2025-05-13T21:39:57 EEST">
  <testcase classname="tests.SubscriptionINcart" name="subscribtion_mail" time="1.438"/>
  <testcase classname="tests.AddProductsToCart" name="verifyAdding" time="0.027">
    <failure type="java.lang.AssertionError" message="expected:&amp;lt;rgba(255, 165, 0, 1)&amp;gt; but was:&amp;lt;rgba(105, 103, 99, 1)&amp;gt;">
      <![CDATA[java.lang.AssertionError: expected:<rgba(255, 165, 0, 1)> but was:<rgba(105, 103, 99, 1)>
at tests.AddProductsToCart.verifyAdding(AddProductsToCart.java:27)
at java.base/java.util.ArrayList.forEach(ArrayList.java:1597)
... Removed 27 stack frames]]>
    </failure>
  </testcase> <!-- verifyAdding -->
  <testcase classname="tests.VerifyProductQuantity" name="productQuantity" time="0.021">
    <failure type="java.lang.AssertionError" message="expected:&amp;lt;rgba(255, 165, 0, 1)&amp;gt; but was:&amp;lt;rgba(105, 103, 99, 1)&amp;gt;">
      <![CDATA[java.lang.AssertionError: expected:<rgba(255, 165, 0, 1)> but was:<rgba(105, 103, 99, 1)>
at tests.VerifyProductQuantity.productQuantity(VerifyProductQuantity.java:28)
at java.base/java.util.ArrayList.forEach(ArrayList.java:1597)
... Removed 27 stack frames]]>
    </failure>
  </testcase> <!-- productQuantity -->
  <testcase classname="tests.LoginBeforeChekout" name="placeOrder" time="0.02">
    <failure type="java.lang.AssertionError" message="expected:&amp;lt;rgba(255, 165, 0, 1)&amp;gt; but was:&amp;lt;rgba(105, 103, 99, 1)&amp;gt;">
      <![CDATA[java.lang.AssertionError: expected:<rgba(255, 165, 0, 1)> but was:<rgba(105, 103, 99, 1)>
at tests.LoginBeforeChekout.placeOrder(LoginBeforeChekout.java:24)
at java.base/java.util.ArrayList.forEach(ArrayList.java:1597)
... Removed 27 stack frames]]>
    </failure>
  </testcase> <!-- placeOrder -->
  <testcase classname="tests.TestBase" name="@BeforeTest openBrowser" time="0.0">
    <ignored/>
  </testcase> <!-- @BeforeTest openBrowser -->
  <testcase classname="tests.TestBase" name="@AfterSuite closeBrowser" time="0.0">
    <ignored/>
  </testcase> <!-- @AfterSuite closeBrowser -->
  <testcase classname="tests.TestBase" name="@BeforeTest openBrowser" time="0.0">
    <ignored/>
  </testcase> <!-- @BeforeTest openBrowser -->
  <testcase classname="tests.TestBase" name="@AfterSuite closeBrowser" time="0.0">
    <ignored/>
  </testcase> <!-- @AfterSuite closeBrowser -->
  <testcase classname="tests.TestBase" name="@AfterSuite closeBrowser" time="0.0">
    <ignored/>
  </testcase> <!-- @AfterSuite closeBrowser -->
  <testcase classname="tests.TestBase" name="@BeforeTest openBrowser" time="0.0">
    <ignored/>
  </testcase> <!-- @BeforeTest openBrowser -->
</testsuite> <!-- Cart Tests -->
